<?xml version="1.0" encoding="UTF-8"?>
<!-- Generated by org.testng.reporters.JUnitReportReporter -->
<testsuite skipped="0" hostname="DESKTOP-9LRRM7S" name="org.run.Runner_workout" tests="1" failures="0" timestamp="11 Aug 2022 09:24:55 GMT" time="13.455" errors="0">
  <testcase name="testAut" time="13.455" classname="org.run.Runner_workout"/>
</testsuite> <!-- org.run.Runner_workout -->
